var -> -1
int -> -1
identifier -> (63, 0)
; -> -1
var -> -1
int -> -1
identifier -> (58, 0)
; -> -1
var -> -1
int -> -1
identifier -> (162, 0)
; -> -1
var -> -1
int -> -1
identifier -> (181, 0)
; -> -1
read -> -1
( -> -1
identifier -> (63, 0)
) -> -1
; -> -1
identifier -> (58, 0)
= -> -1
constant -> (171, 0)
for -> -1
( -> -1
identifier -> (162, 0)
= -> -1
constant -> (171, 0)
identifier -> (162, 0)
< -> -1
identifier -> (63, 0)
; -> -1
identifier -> (162, 0)
+ -> -1
+ -> -1
) -> -1
{ -> -1
read -> -1
( -> -1
identifier -> (181, 0)
) -> -1
; -> -1
identifier -> (58, 0)
= -> -1
identifier -> (58, 0)
+ -> -1
identifier -> (181, 0)
; -> -1
} -> -1
write -> -1
( -> -1
identifier -> (58, 0)
) -> -1
; -> -1
