var -> -1
int -> -1
identifier -> (181, 0)
; -> -1
var -> -1
int -> -1
identifier -> (52, 0)
; -> -1
var -> -1
int -> -1
identifier -> (26, 0)
; -> -1
var -> -1
[ -> -1
constant -> (17, 0)
of -> -1
int -> -1
identifier -> (208, 0)
; -> -1
read -> -1
( -> -1
identifier -> (181, 0)
) -> -1
; -> -1
read -> -1
( -> -1
identifier -> (52, 0)
) -> -1
; -> -1
read -> -1
( -> -1
identifier -> (26, 0)
) -> -1
; -> -1
if -> -1
( -> -1
identifier -> (181, 0)
< -> -1
identifier -> (52, 0)
and -> -1
identifier -> (181, 0)
< -> -1
identifier -> (26, 0)
) -> -1
write -> -1
( -> -1
identifier -> (181, 0)
) -> -1
; -> -1
else -> -1
if -> -1
( -> -1
identifier -> (52, 0)
< -> -1
identifier -> (181, 0)
and -> -1
identifier -> (52, 0)
< -> -1
identifier -> (26, 0)
) -> -1
write -> -1
( -> -1
identifier -> (52, 0)
) -> -1
; -> -1
else -> -1
write -> -1
( -> -1
identifier -> (26, 0)
) -> -1
; -> -1
