var -> -1
int -> -1
identifier -> (24, 0)
; -> -1
var -> -1
int -> -1
identifier -> (205, 0)
; -> -1
var -> -1
int -> -1
identifier -> (58, 0)
; -> -1
var -> -1
[ -> -1
constant -> (197, 0)
of -> -1
int -> -1
identifier -> (171, 0)
; -> -1
read -> -1
( -> -1
identifier -> (24, 0)
) -> -1
; -> -1
read -> -1
( -> -1
identifier -> (205, 0)
) -> -1
; -> -1
read -> -1
( -> -1
identifier -> (58, 0)
) -> -1
; -> -1
if -> -1
( -> -1
identifier -> (24, 0)
< -> -1
identifier -> (205, 0)
and -> -1
identifier -> (24, 0)
< -> -1
identifier -> (58, 0)
) -> -1
write -> -1
( -> -1
identifier -> (24, 0)
) -> -1
; -> -1
else -> -1
if -> -1
( -> -1
identifier -> (205, 0)
< -> -1
identifier -> (24, 0)
and -> -1
identifier -> (205, 0)
< -> -1
identifier -> (58, 0)
) -> -1
write -> -1
( -> -1
identifier -> (205, 0)
) -> -1
; -> -1
else -> -1
write -> -1
( -> -1
identifier -> (58, 0)
) -> -1
; -> -1
var -> -1
int -> -1
identifier -> (24, 0)
; -> -1
var -> -1
int -> -1
identifier -> (205, 0)
; -> -1
var -> -1
int -> -1
constant -> (86, 0)
identifier -> (58, 0)
; -> -1
var -> -1
char -> -1
identifier -> (44, 0)
; -> -1
identifier -> (44, 0)
= -> -1
constant -> (87, 0)
; -> -1
read -> -1
( -> -1
if -> -1
( -> -1
identifier -> (24, 0)
< -> -1
identifier -> (205, 0)
and -> -1
identifier -> (24, 0)
< -> -1
identifier -> (58, 0)
) -> -1
write -> -1
( -> -1
identifier -> (24, 0)
) -> -1
; -> -1
else -> -1
if -> -1
( -> -1
identifier -> (205, 0)
< -> -1
identifier -> (24, 0)
and -> -1
identifier -> (205, 0)
< -> -1
identifier -> (58, 0)
) -> -1
write -> -1
( -> -1
identifier -> (205, 0)
) -> -1
; -> -1
else -> -1
write -> -1
( -> -1
identifier -> (58, 0)
) -> -1
; -> -1
var -> -1
int -> -1
identifier -> (24, 0)
; -> -1
var -> -1
int -> -1
identifier -> (205, 0)
; -> -1
read -> -1
( -> -1
identifier -> (24, 0)
) -> -1
; -> -1
read -> -1
( -> -1
identifier -> (205, 0)
) -> -1
; -> -1
while -> -1
( -> -1
identifier -> (24, 0)
!= -> -1
identifier -> (205, 0)
) -> -1
{ -> -1
if -> -1
( -> -1
identifier -> (24, 0)
< -> -1
identifier -> (205, 0)
) -> -1
identifier -> (24, 0)
= -> -1
identifier -> (24, 0)
- -> -1
identifier -> (205, 0)
; -> -1
else -> -1
identifier -> (205, 0)
= -> -1
identifier -> (205, 0)
- -> -1
identifier -> (24, 0)
; -> -1
} -> -1
write -> -1
( -> -1
identifier -> (24, 0)
) -> -1
; -> -1
var -> -1
int -> -1
identifier -> (104, 0)
; -> -1
var -> -1
int -> -1
identifier -> (28, 0)
; -> -1
var -> -1
int -> -1
identifier -> (202, 0)
; -> -1
var -> -1
int -> -1
identifier -> (24, 0)
; -> -1
read -> -1
( -> -1
identifier -> (104, 0)
) -> -1
; -> -1
identifier -> (28, 0)
= -> -1
constant -> (100, 0)
for -> -1
( -> -1
identifier -> (202, 0)
= -> -1
constant -> (100, 0)
identifier -> (202, 0)
< -> -1
identifier -> (104, 0)
; -> -1
identifier -> (202, 0)
+ -> -1
+ -> -1
) -> -1
{ -> -1
read -> -1
( -> -1
identifier -> (24, 0)
) -> -1
; -> -1
identifier -> (28, 0)
= -> -1
identifier -> (28, 0)
+ -> -1
identifier -> (24, 0)
; -> -1
} -> -1
write -> -1
( -> -1
identifier -> (28, 0)
) -> -1
; -> -1
